About to start: eclipse_optim_MF
Tue Sep 30 14:54:51 EDT 2025
Job id: 44593079
About to change into /storage/work/efg5335/GRASS
About to start Julia
  Activating project at `/storage/work/efg5335/GRASS`
	>>> Template: FeI_5250.2.h5
	>>> Template: FeI_5250.2.h5
	>>> Template: FeI_5250.2.h5
	>>> Template: FeI_5250.2.h5
	>>> Template: FeI_5250.2.h5
	>>> Template: FeI_5250.2.h5
	>>> Template: FeI_5250.2.h5
	>>> Template: FeI_5250.2.h5
	>>> Template: FeI_5250.2.h5
	>>> Template: FeI_5250.2.h5
	>>> Template: FeI_5250.2.h5
	>>> Template: FeI_5250.2.h5
	>>> Template: FeI_5250.2.h5
	>>> Template: FeI_5250.2.h5
	>>> Template: FeI_5250.2.h5
	>>> Template: FeI_5250.2.h5
	>>> Template: FeI_5250.2.h5
	>>> Template: FeI_5250.2.h5
	>>> Template: FeI_5250.2.h5
	>>> Template: FeI_5250.2.h5
	>>> Template: FeI_5250.2.h5
	>>> Template: FeI_5250.2.h5
	>>> Template: FeI_5250.2.h5
	>>> Template: FeI_5250.2.h5
	>>> Template: FeI_5250.2.h5
	>>> Template: FeI_5250.2.h5
	>>> Template: FeI_5250.2.h5
	>>> Template: FeI_5250.2.h5
	>>> Template: FeI_5250.2.h5
	>>> Template: FeI_5250.2.h5
	>>> Template: FeI_5250.2.h5
	>>> Template: FeI_5250.2.h5
	>>> Template: FeI_5250.2.h5
	>>> Template: FeI_5250.2.h5
	>>> Template: FeI_5250.2.h5
	>>> Template: FeI_5250.2.h5
	>>> Template: FeI_5250.2.h5
	>>> Template: FeI_5250.2.h5
	>>> Template: FeI_5250.2.h5
	>>> Template: FeI_5250.2.h5
	>>> Template: FeI_5250.2.h5
	>>> Template: FeI_5250.2.h5
	>>> Template: FeI_5250.2.h5
	>>> Template: FeI_5250.2.h5
	>>> Template: FeI_5250.2.h5
	>>> Template: FeI_5250.2.h5
	>>> Template: FeI_5250.2.h5
	>>> Template: FeI_5250.2.h5
	>>> Template: FeI_5250.2.h5
	>>> Template: FeI_5250.2.h5
	>>> Template: FeI_5250.2.h5
	>>> Template: FeI_5250.2.h5
	>>> Template: FeI_5250.2.h5
	>>> Template: FeI_5250.2.h5
	>>> Template: FeI_5250.2.h5
	>>> Template: FeI_5250.2.h5
	>>> Template: FeI_5250.2.h5
	>>> Template: FeI_5250.2.h5
	>>> Template: FeI_5250.2.h5
	>>> Template: FeI_5250.2.h5
	>>> Template: FeI_5250.2.h5
	>>> Template: FeI_5250.2.h5
	>>> Template: FeI_5250.2.h5
	>>> Template: FeI_5250.2.h5
	>>> Template: FeI_5250.2.h5
	>>> Template: FeI_5250.2.h5
	>>> Template: FeI_5250.2.h5
	>>> Template: FeI_5250.2.h5
	>>> Template: FeI_5250.2.h5
	>>> Template: FeI_5250.2.h5
retcode: Success
u: [0.05015898600597195, -0.1779594979553742]
Final objective value:     8.788444744962275
Julia exited
Tue Sep 30 15:28:01 EDT 2025
